<?xml version="1.0" encoding="UTF-8"?>
<testsuite xmlns:xsi="http://www.w3.org/2001/XMLSchema-instance" xsi:noNamespaceSchemaLocation="https://maven.apache.org/surefire/maven-surefire-plugin/xsd/surefire-test-report.xsd" name="PropertiesTest" time="5.973" tests="1" errors="0" skipped="0" failures="0">
  <properties>
    <property name="sun.desktop" value="windows"/>
    <property name="awt.toolkit" value="sun.awt.windows.WToolkit"/>
    <property name="file.encoding.pkg" value="sun.io"/>
    <property name="java.specification.version" value="1.8"/>
    <property name="sun.cpu.isalist" value="amd64"/>
    <property name="sun.jnu.encoding" value="MS932"/>
    <property name="java.class.path" value="C:\work\Project\JavaTeaSamples\examples\Properties\target\test-classes;C:\work\Project\JavaTeaSamples\examples\Properties\target\classes;C:\Users\motoshi\.m2\repository\org\seleniumhq\selenium\selenium-java\3.141.59\selenium-java-3.141.59.jar;C:\Users\motoshi\.m2\repository\org\seleniumhq\selenium\selenium-api\3.141.59\selenium-api-3.141.59.jar;C:\Users\motoshi\.m2\repository\org\seleniumhq\selenium\selenium-chrome-driver\3.141.59\selenium-chrome-driver-3.141.59.jar;C:\Users\motoshi\.m2\repository\org\seleniumhq\selenium\selenium-edge-driver\3.141.59\selenium-edge-driver-3.141.59.jar;C:\Users\motoshi\.m2\repository\org\seleniumhq\selenium\selenium-firefox-driver\3.141.59\selenium-firefox-driver-3.141.59.jar;C:\Users\motoshi\.m2\repository\org\seleniumhq\selenium\selenium-ie-driver\3.141.59\selenium-ie-driver-3.141.59.jar;C:\Users\motoshi\.m2\repository\org\seleniumhq\selenium\selenium-opera-driver\3.141.59\selenium-opera-driver-3.141.59.jar;C:\Users\motoshi\.m2\repository\org\seleniumhq\selenium\selenium-remote-driver\3.141.59\selenium-remote-driver-3.141.59.jar;C:\Users\motoshi\.m2\repository\org\seleniumhq\selenium\selenium-safari-driver\3.141.59\selenium-safari-driver-3.141.59.jar;C:\Users\motoshi\.m2\repository\org\seleniumhq\selenium\selenium-support\3.141.59\selenium-support-3.141.59.jar;C:\Users\motoshi\.m2\repository\net\bytebuddy\byte-buddy\1.8.15\byte-buddy-1.8.15.jar;C:\Users\motoshi\.m2\repository\org\apache\commons\commons-exec\1.3\commons-exec-1.3.jar;C:\Users\motoshi\.m2\repository\com\google\guava\guava\25.0-jre\guava-25.0-jre.jar;C:\Users\motoshi\.m2\repository\com\google\code\findbugs\jsr305\1.3.9\jsr305-1.3.9.jar;C:\Users\motoshi\.m2\repository\org\checkerframework\checker-compat-qual\2.0.0\checker-compat-qual-2.0.0.jar;C:\Users\motoshi\.m2\repository\com\google\errorprone\error_prone_annotations\2.1.3\error_prone_annotations-2.1.3.jar;C:\Users\motoshi\.m2\repository\com\google\j2objc\j2objc-annotations\1.1\j2objc-annotations-1.1.jar;C:\Users\motoshi\.m2\repository\org\codehaus\mojo\animal-sniffer-annotations\1.14\animal-sniffer-annotations-1.14.jar;C:\Users\motoshi\.m2\repository\com\squareup\okhttp3\okhttp\3.11.0\okhttp-3.11.0.jar;C:\Users\motoshi\.m2\repository\com\squareup\okio\okio\1.14.0\okio-1.14.0.jar;C:\Users\motoshi\.m2\repository\org\junit\jupiter\junit-jupiter-api\5.4.2\junit-jupiter-api-5.4.2.jar;C:\Users\motoshi\.m2\repository\org\apiguardian\apiguardian-api\1.0.0\apiguardian-api-1.0.0.jar;C:\Users\motoshi\.m2\repository\org\opentest4j\opentest4j\1.1.1\opentest4j-1.1.1.jar;C:\Users\motoshi\.m2\repository\org\junit\platform\junit-platform-commons\1.4.2\junit-platform-commons-1.4.2.jar;C:\Users\motoshi\.m2\repository\org\junit\jupiter\junit-jupiter-engine\5.4.2\junit-jupiter-engine-5.4.2.jar;C:\Users\motoshi\.m2\repository\org\junit\platform\junit-platform-engine\1.4.2\junit-platform-engine-1.4.2.jar;C:\Users\motoshi\.m2\repository\org\codehaus\mojo\exec-maven-plugin\1.6.0\exec-maven-plugin-1.6.0.jar;C:\Users\motoshi\.m2\repository\org\apache\maven\maven-toolchain\2.2.1\maven-toolchain-2.2.1.jar;C:\Users\motoshi\.m2\repository\org\apache\maven\maven-project\2.2.1\maven-project-2.2.1.jar;C:\Users\motoshi\.m2\repository\org\apache\maven\maven-settings\2.2.1\maven-settings-2.2.1.jar;C:\Users\motoshi\.m2\repository\org\apache\maven\maven-profile\2.2.1\maven-profile-2.2.1.jar;C:\Users\motoshi\.m2\repository\org\apache\maven\maven-plugin-registry\2.2.1\maven-plugin-registry-2.2.1.jar;C:\Users\motoshi\.m2\repository\org\codehaus\plexus\plexus-interpolation\1.11\plexus-interpolation-1.11.jar;C:\Users\motoshi\.m2\repository\org\codehaus\plexus\plexus-container-default\1.0-alpha-9-stable-1\plexus-container-default-1.0-alpha-9-stable-1.jar;C:\Users\motoshi\.m2\repository\junit\junit\3.8.1\junit-3.8.1.jar;C:\Users\motoshi\.m2\repository\org\apache\maven\maven-model\2.2.1\maven-model-2.2.1.jar;C:\Users\motoshi\.m2\repository\org\apache\maven\maven-artifact\2.2.1\maven-artifact-2.2.1.jar;C:\Users\motoshi\.m2\repository\org\apache\maven\maven-artifact-manager\2.2.1\maven-artifact-manager-2.2.1.jar;C:\Users\motoshi\.m2\repository\org\apache\maven\maven-repository-metadata\2.2.1\maven-repository-metadata-2.2.1.jar;C:\Users\motoshi\.m2\repository\org\apache\maven\wagon\wagon-provider-api\1.0-beta-6\wagon-provider-api-1.0-beta-6.jar;C:\Users\motoshi\.m2\repository\backport-util-concurrent\backport-util-concurrent\3.1\backport-util-concurrent-3.1.jar;C:\Users\motoshi\.m2\repository\org\apache\maven\maven-core\2.2.1\maven-core-2.2.1.jar;C:\Users\motoshi\.m2\repository\org\apache\maven\wagon\wagon-file\1.0-beta-6\wagon-file-1.0-beta-6.jar;C:\Users\motoshi\.m2\repository\org\apache\maven\maven-plugin-parameter-documenter\2.2.1\maven-plugin-parameter-documenter-2.2.1.jar;C:\Users\motoshi\.m2\repository\org\apache\maven\wagon\wagon-http-lightweight\1.0-beta-6\wagon-http-lightweight-1.0-beta-6.jar;C:\Users\motoshi\.m2\repository\org\apache\maven\wagon\wagon-http-shared\1.0-beta-6\wagon-http-shared-1.0-beta-6.jar;C:\Users\motoshi\.m2\repository\nekohtml\xercesMinimal\1.9.6.2\xercesMinimal-1.9.6.2.jar;C:\Users\motoshi\.m2\repository\nekohtml\nekohtml\1.9.6.2\nekohtml-1.9.6.2.jar;C:\Users\motoshi\.m2\repository\org\apache\maven\wagon\wagon-http\1.0-beta-6\wagon-http-1.0-beta-6.jar;C:\Users\motoshi\.m2\repository\org\apache\maven\wagon\wagon-webdav-jackrabbit\1.0-beta-6\wagon-webdav-jackrabbit-1.0-beta-6.jar;C:\Users\motoshi\.m2\repository\org\apache\jackrabbit\jackrabbit-webdav\1.5.0\jackrabbit-webdav-1.5.0.jar;C:\Users\motoshi\.m2\repository\org\apache\jackrabbit\jackrabbit-jcr-commons\1.5.0\jackrabbit-jcr-commons-1.5.0.jar;C:\Users\motoshi\.m2\repository\commons-httpclient\commons-httpclient\3.0\commons-httpclient-3.0.jar;C:\Users\motoshi\.m2\repository\commons-codec\commons-codec\1.2\commons-codec-1.2.jar;C:\Users\motoshi\.m2\repository\org\slf4j\slf4j-nop\1.5.3\slf4j-nop-1.5.3.jar;C:\Users\motoshi\.m2\repository\org\slf4j\slf4j-jdk14\1.5.6\slf4j-jdk14-1.5.6.jar;C:\Users\motoshi\.m2\repository\org\slf4j\slf4j-api\1.5.6\slf4j-api-1.5.6.jar;C:\Users\motoshi\.m2\repository\org\slf4j\jcl-over-slf4j\1.5.6\jcl-over-slf4j-1.5.6.jar;C:\Users\motoshi\.m2\repository\org\apache\maven\reporting\maven-reporting-api\2.2.1\maven-reporting-api-2.2.1.jar;C:\Users\motoshi\.m2\repository\org\apache\maven\doxia\doxia-sink-api\1.1\doxia-sink-api-1.1.jar;C:\Users\motoshi\.m2\repository\org\apache\maven\doxia\doxia-logging-api\1.1\doxia-logging-api-1.1.jar;C:\Users\motoshi\.m2\repository\org\apache\maven\maven-error-diagnostics\2.2.1\maven-error-diagnostics-2.2.1.jar;C:\Users\motoshi\.m2\repository\commons-cli\commons-cli\1.2\commons-cli-1.2.jar;C:\Users\motoshi\.m2\repository\org\apache\maven\wagon\wagon-ssh-external\1.0-beta-6\wagon-ssh-external-1.0-beta-6.jar;C:\Users\motoshi\.m2\repository\org\apache\maven\wagon\wagon-ssh-common\1.0-beta-6\wagon-ssh-common-1.0-beta-6.jar;C:\Users\motoshi\.m2\repository\org\apache\maven\maven-plugin-descriptor\2.2.1\maven-plugin-descriptor-2.2.1.jar;C:\Users\motoshi\.m2\repository\org\codehaus\plexus\plexus-interactivity-api\1.0-alpha-4\plexus-interactivity-api-1.0-alpha-4.jar;C:\Users\motoshi\.m2\repository\org\apache\maven\maven-monitor\2.2.1\maven-monitor-2.2.1.jar;C:\Users\motoshi\.m2\repository\org\apache\maven\wagon\wagon-ssh\1.0-beta-6\wagon-ssh-1.0-beta-6.jar;C:\Users\motoshi\.m2\repository\com\jcraft\jsch\0.1.38\jsch-0.1.38.jar;C:\Users\motoshi\.m2\repository\classworlds\classworlds\1.1\classworlds-1.1.jar;C:\Users\motoshi\.m2\repository\org\sonatype\plexus\plexus-sec-dispatcher\1.3\plexus-sec-dispatcher-1.3.jar;C:\Users\motoshi\.m2\repository\org\sonatype\plexus\plexus-cipher\1.4\plexus-cipher-1.4.jar;C:\Users\motoshi\.m2\repository\org\apache\maven\maven-plugin-api\2.2.1\maven-plugin-api-2.2.1.jar;C:\Users\motoshi\.m2\repository\org\codehaus\plexus\plexus-utils\3.0.20\plexus-utils-3.0.20.jar;C:\Users\motoshi\.m2\repository\com\github\teafarm\javatea\javatea\0.0.1-SNAPSHOT\javatea-0.0.1-SNAPSHOT.jar;C:\Users\motoshi\.m2\repository\com\github\github\site-maven-plugin\0.12\site-maven-plugin-0.12.jar;C:\Users\motoshi\.m2\repository\com\github\github\github-maven-core\0.12\github-maven-core-0.12.jar;C:\Users\motoshi\.m2\repository\com\google\code\gson\gson\2.2.2\gson-2.2.2.jar;C:\Users\motoshi\.m2\repository\org\eclipse\mylyn\github\org.eclipse.egit.github.core\2.1.5\org.eclipse.egit.github.core-2.1.5.jar;C:\Users\motoshi\.m2\repository\org\apache\maven\plugins\maven-source-plugin\3.0.1\maven-source-plugin-3.0.1.jar;C:\Users\motoshi\.m2\repository\org\apache\maven\maven-archiver\3.1.1\maven-archiver-3.1.1.jar;C:\Users\motoshi\.m2\repository\org\apache\maven\shared\maven-shared-utils\3.0.1\maven-shared-utils-3.0.1.jar;C:\Users\motoshi\.m2\repository\commons-io\commons-io\2.5\commons-io-2.5.jar;C:\Users\motoshi\.m2\repository\org\codehaus\plexus\plexus-archiver\3.4\plexus-archiver-3.4.jar;C:\Users\motoshi\.m2\repository\org\codehaus\plexus\plexus-io\2.7.1\plexus-io-2.7.1.jar;C:\Users\motoshi\.m2\repository\org\apache\commons\commons-compress\1.11\commons-compress-1.11.jar;C:\Users\motoshi\.m2\repository\org\iq80\snappy\snappy\0.4\snappy-0.4.jar;C:\Users\motoshi\.m2\repository\org\tukaani\xz\1.5\xz-1.5.jar;"/>
    <property name="java.vm.vendor" value="Oracle Corporation"/>
    <property name="sun.arch.data.model" value="64"/>
    <property name="user.variant" value=""/>
    <property name="java.vendor.url" value="http://java.oracle.com/"/>
    <property name="user.timezone" value="Asia/Tokyo"/>
    <property name="java.vm.specification.version" value="1.8"/>
    <property name="os.name" value="Windows 7"/>
    <property name="user.country" value="US"/>
    <property name="sun.java.launcher" value="SUN_STANDARD"/>
    <property name="sun.boot.library.path" value="C:\Progra~1\Java\jdk1.8.0_111\jre\bin"/>
    <property name="sun.java.command" value="C:\Users\motoshi\AppData\Local\Temp\surefire5326323618102400447\surefirebooter7476847826141422346.jar C:\Users\motoshi\AppData\Local\Temp\surefire5326323618102400447 2019-04-25T12-53-29_598-jvmRun1 surefire7235242681627472519tmp surefire_0376883308245870128tmp"/>
    <property name="surefire.test.class.path" value="C:\work\Project\JavaTeaSamples\examples\Properties\target\test-classes;C:\work\Project\JavaTeaSamples\examples\Properties\target\classes;C:\Users\motoshi\.m2\repository\org\seleniumhq\selenium\selenium-java\3.141.59\selenium-java-3.141.59.jar;C:\Users\motoshi\.m2\repository\org\seleniumhq\selenium\selenium-api\3.141.59\selenium-api-3.141.59.jar;C:\Users\motoshi\.m2\repository\org\seleniumhq\selenium\selenium-chrome-driver\3.141.59\selenium-chrome-driver-3.141.59.jar;C:\Users\motoshi\.m2\repository\org\seleniumhq\selenium\selenium-edge-driver\3.141.59\selenium-edge-driver-3.141.59.jar;C:\Users\motoshi\.m2\repository\org\seleniumhq\selenium\selenium-firefox-driver\3.141.59\selenium-firefox-driver-3.141.59.jar;C:\Users\motoshi\.m2\repository\org\seleniumhq\selenium\selenium-ie-driver\3.141.59\selenium-ie-driver-3.141.59.jar;C:\Users\motoshi\.m2\repository\org\seleniumhq\selenium\selenium-opera-driver\3.141.59\selenium-opera-driver-3.141.59.jar;C:\Users\motoshi\.m2\repository\org\seleniumhq\selenium\selenium-remote-driver\3.141.59\selenium-remote-driver-3.141.59.jar;C:\Users\motoshi\.m2\repository\org\seleniumhq\selenium\selenium-safari-driver\3.141.59\selenium-safari-driver-3.141.59.jar;C:\Users\motoshi\.m2\repository\org\seleniumhq\selenium\selenium-support\3.141.59\selenium-support-3.141.59.jar;C:\Users\motoshi\.m2\repository\net\bytebuddy\byte-buddy\1.8.15\byte-buddy-1.8.15.jar;C:\Users\motoshi\.m2\repository\org\apache\commons\commons-exec\1.3\commons-exec-1.3.jar;C:\Users\motoshi\.m2\repository\com\google\guava\guava\25.0-jre\guava-25.0-jre.jar;C:\Users\motoshi\.m2\repository\com\google\code\findbugs\jsr305\1.3.9\jsr305-1.3.9.jar;C:\Users\motoshi\.m2\repository\org\checkerframework\checker-compat-qual\2.0.0\checker-compat-qual-2.0.0.jar;C:\Users\motoshi\.m2\repository\com\google\errorprone\error_prone_annotations\2.1.3\error_prone_annotations-2.1.3.jar;C:\Users\motoshi\.m2\repository\com\google\j2objc\j2objc-annotations\1.1\j2objc-annotations-1.1.jar;C:\Users\motoshi\.m2\repository\org\codehaus\mojo\animal-sniffer-annotations\1.14\animal-sniffer-annotations-1.14.jar;C:\Users\motoshi\.m2\repository\com\squareup\okhttp3\okhttp\3.11.0\okhttp-3.11.0.jar;C:\Users\motoshi\.m2\repository\com\squareup\okio\okio\1.14.0\okio-1.14.0.jar;C:\Users\motoshi\.m2\repository\org\junit\jupiter\junit-jupiter-api\5.4.2\junit-jupiter-api-5.4.2.jar;C:\Users\motoshi\.m2\repository\org\apiguardian\apiguardian-api\1.0.0\apiguardian-api-1.0.0.jar;C:\Users\motoshi\.m2\repository\org\opentest4j\opentest4j\1.1.1\opentest4j-1.1.1.jar;C:\Users\motoshi\.m2\repository\org\junit\platform\junit-platform-commons\1.4.2\junit-platform-commons-1.4.2.jar;C:\Users\motoshi\.m2\repository\org\junit\jupiter\junit-jupiter-engine\5.4.2\junit-jupiter-engine-5.4.2.jar;C:\Users\motoshi\.m2\repository\org\junit\platform\junit-platform-engine\1.4.2\junit-platform-engine-1.4.2.jar;C:\Users\motoshi\.m2\repository\org\codehaus\mojo\exec-maven-plugin\1.6.0\exec-maven-plugin-1.6.0.jar;C:\Users\motoshi\.m2\repository\org\apache\maven\maven-toolchain\2.2.1\maven-toolchain-2.2.1.jar;C:\Users\motoshi\.m2\repository\org\apache\maven\maven-project\2.2.1\maven-project-2.2.1.jar;C:\Users\motoshi\.m2\repository\org\apache\maven\maven-settings\2.2.1\maven-settings-2.2.1.jar;C:\Users\motoshi\.m2\repository\org\apache\maven\maven-profile\2.2.1\maven-profile-2.2.1.jar;C:\Users\motoshi\.m2\repository\org\apache\maven\maven-plugin-registry\2.2.1\maven-plugin-registry-2.2.1.jar;C:\Users\motoshi\.m2\repository\org\codehaus\plexus\plexus-interpolation\1.11\plexus-interpolation-1.11.jar;C:\Users\motoshi\.m2\repository\org\codehaus\plexus\plexus-container-default\1.0-alpha-9-stable-1\plexus-container-default-1.0-alpha-9-stable-1.jar;C:\Users\motoshi\.m2\repository\junit\junit\3.8.1\junit-3.8.1.jar;C:\Users\motoshi\.m2\repository\org\apache\maven\maven-model\2.2.1\maven-model-2.2.1.jar;C:\Users\motoshi\.m2\repository\org\apache\maven\maven-artifact\2.2.1\maven-artifact-2.2.1.jar;C:\Users\motoshi\.m2\repository\org\apache\maven\maven-artifact-manager\2.2.1\maven-artifact-manager-2.2.1.jar;C:\Users\motoshi\.m2\repository\org\apache\maven\maven-repository-metadata\2.2.1\maven-repository-metadata-2.2.1.jar;C:\Users\motoshi\.m2\repository\org\apache\maven\wagon\wagon-provider-api\1.0-beta-6\wagon-provider-api-1.0-beta-6.jar;C:\Users\motoshi\.m2\repository\backport-util-concurrent\backport-util-concurrent\3.1\backport-util-concurrent-3.1.jar;C:\Users\motoshi\.m2\repository\org\apache\maven\maven-core\2.2.1\maven-core-2.2.1.jar;C:\Users\motoshi\.m2\repository\org\apache\maven\wagon\wagon-file\1.0-beta-6\wagon-file-1.0-beta-6.jar;C:\Users\motoshi\.m2\repository\org\apache\maven\maven-plugin-parameter-documenter\2.2.1\maven-plugin-parameter-documenter-2.2.1.jar;C:\Users\motoshi\.m2\repository\org\apache\maven\wagon\wagon-http-lightweight\1.0-beta-6\wagon-http-lightweight-1.0-beta-6.jar;C:\Users\motoshi\.m2\repository\org\apache\maven\wagon\wagon-http-shared\1.0-beta-6\wagon-http-shared-1.0-beta-6.jar;C:\Users\motoshi\.m2\repository\nekohtml\xercesMinimal\1.9.6.2\xercesMinimal-1.9.6.2.jar;C:\Users\motoshi\.m2\repository\nekohtml\nekohtml\1.9.6.2\nekohtml-1.9.6.2.jar;C:\Users\motoshi\.m2\repository\org\apache\maven\wagon\wagon-http\1.0-beta-6\wagon-http-1.0-beta-6.jar;C:\Users\motoshi\.m2\repository\org\apache\maven\wagon\wagon-webdav-jackrabbit\1.0-beta-6\wagon-webdav-jackrabbit-1.0-beta-6.jar;C:\Users\motoshi\.m2\repository\org\apache\jackrabbit\jackrabbit-webdav\1.5.0\jackrabbit-webdav-1.5.0.jar;C:\Users\motoshi\.m2\repository\org\apache\jackrabbit\jackrabbit-jcr-commons\1.5.0\jackrabbit-jcr-commons-1.5.0.jar;C:\Users\motoshi\.m2\repository\commons-httpclient\commons-httpclient\3.0\commons-httpclient-3.0.jar;C:\Users\motoshi\.m2\repository\commons-codec\commons-codec\1.2\commons-codec-1.2.jar;C:\Users\motoshi\.m2\repository\org\slf4j\slf4j-nop\1.5.3\slf4j-nop-1.5.3.jar;C:\Users\motoshi\.m2\repository\org\slf4j\slf4j-jdk14\1.5.6\slf4j-jdk14-1.5.6.jar;C:\Users\motoshi\.m2\repository\org\slf4j\slf4j-api\1.5.6\slf4j-api-1.5.6.jar;C:\Users\motoshi\.m2\repository\org\slf4j\jcl-over-slf4j\1.5.6\jcl-over-slf4j-1.5.6.jar;C:\Users\motoshi\.m2\repository\org\apache\maven\reporting\maven-reporting-api\2.2.1\maven-reporting-api-2.2.1.jar;C:\Users\motoshi\.m2\repository\org\apache\maven\doxia\doxia-sink-api\1.1\doxia-sink-api-1.1.jar;C:\Users\motoshi\.m2\repository\org\apache\maven\doxia\doxia-logging-api\1.1\doxia-logging-api-1.1.jar;C:\Users\motoshi\.m2\repository\org\apache\maven\maven-error-diagnostics\2.2.1\maven-error-diagnostics-2.2.1.jar;C:\Users\motoshi\.m2\repository\commons-cli\commons-cli\1.2\commons-cli-1.2.jar;C:\Users\motoshi\.m2\repository\org\apache\maven\wagon\wagon-ssh-external\1.0-beta-6\wagon-ssh-external-1.0-beta-6.jar;C:\Users\motoshi\.m2\repository\org\apache\maven\wagon\wagon-ssh-common\1.0-beta-6\wagon-ssh-common-1.0-beta-6.jar;C:\Users\motoshi\.m2\repository\org\apache\maven\maven-plugin-descriptor\2.2.1\maven-plugin-descriptor-2.2.1.jar;C:\Users\motoshi\.m2\repository\org\codehaus\plexus\plexus-interactivity-api\1.0-alpha-4\plexus-interactivity-api-1.0-alpha-4.jar;C:\Users\motoshi\.m2\repository\org\apache\maven\maven-monitor\2.2.1\maven-monitor-2.2.1.jar;C:\Users\motoshi\.m2\repository\org\apache\maven\wagon\wagon-ssh\1.0-beta-6\wagon-ssh-1.0-beta-6.jar;C:\Users\motoshi\.m2\repository\com\jcraft\jsch\0.1.38\jsch-0.1.38.jar;C:\Users\motoshi\.m2\repository\classworlds\classworlds\1.1\classworlds-1.1.jar;C:\Users\motoshi\.m2\repository\org\sonatype\plexus\plexus-sec-dispatcher\1.3\plexus-sec-dispatcher-1.3.jar;C:\Users\motoshi\.m2\repository\org\sonatype\plexus\plexus-cipher\1.4\plexus-cipher-1.4.jar;C:\Users\motoshi\.m2\repository\org\apache\maven\maven-plugin-api\2.2.1\maven-plugin-api-2.2.1.jar;C:\Users\motoshi\.m2\repository\org\codehaus\plexus\plexus-utils\3.0.20\plexus-utils-3.0.20.jar;C:\Users\motoshi\.m2\repository\com\github\teafarm\javatea\javatea\0.0.1-SNAPSHOT\javatea-0.0.1-SNAPSHOT.jar;C:\Users\motoshi\.m2\repository\com\github\github\site-maven-plugin\0.12\site-maven-plugin-0.12.jar;C:\Users\motoshi\.m2\repository\com\github\github\github-maven-core\0.12\github-maven-core-0.12.jar;C:\Users\motoshi\.m2\repository\com\google\code\gson\gson\2.2.2\gson-2.2.2.jar;C:\Users\motoshi\.m2\repository\org\eclipse\mylyn\github\org.eclipse.egit.github.core\2.1.5\org.eclipse.egit.github.core-2.1.5.jar;C:\Users\motoshi\.m2\repository\org\apache\maven\plugins\maven-source-plugin\3.0.1\maven-source-plugin-3.0.1.jar;C:\Users\motoshi\.m2\repository\org\apache\maven\maven-archiver\3.1.1\maven-archiver-3.1.1.jar;C:\Users\motoshi\.m2\repository\org\apache\maven\shared\maven-shared-utils\3.0.1\maven-shared-utils-3.0.1.jar;C:\Users\motoshi\.m2\repository\commons-io\commons-io\2.5\commons-io-2.5.jar;C:\Users\motoshi\.m2\repository\org\codehaus\plexus\plexus-archiver\3.4\plexus-archiver-3.4.jar;C:\Users\motoshi\.m2\repository\org\codehaus\plexus\plexus-io\2.7.1\plexus-io-2.7.1.jar;C:\Users\motoshi\.m2\repository\org\apache\commons\commons-compress\1.11\commons-compress-1.11.jar;C:\Users\motoshi\.m2\repository\org\iq80\snappy\snappy\0.4\snappy-0.4.jar;C:\Users\motoshi\.m2\repository\org\tukaani\xz\1.5\xz-1.5.jar;"/>
    <property name="sun.cpu.endian" value="little"/>
    <property name="user.home" value="C:\Users\motoshi"/>
    <property name="user.language" value="en"/>
    <property name="java.specification.vendor" value="Oracle Corporation"/>
    <property name="java.home" value="C:\Progra~1\Java\jdk1.8.0_111\jre"/>
    <property name="basedir" value="C:\work\Project\JavaTeaSamples\examples\Properties"/>
    <property name="file.separator" value="\"/>
    <property name="line.separator" value="&#10;"/>
    <property name="java.vm.specification.vendor" value="Oracle Corporation"/>
    <property name="java.specification.name" value="Java Platform API Specification"/>
    <property name="java.awt.graphicsenv" value="sun.awt.Win32GraphicsEnvironment"/>
    <property name="surefire.real.class.path" value="C:\Users\motoshi\AppData\Local\Temp\surefire5326323618102400447\surefirebooter7476847826141422346.jar"/>
    <property name="sun.boot.class.path" value="C:\Progra~1\Java\jdk1.8.0_111\jre\lib\resources.jar;C:\Progra~1\Java\jdk1.8.0_111\jre\lib\rt.jar;C:\Progra~1\Java\jdk1.8.0_111\jre\lib\sunrsasign.jar;C:\Progra~1\Java\jdk1.8.0_111\jre\lib\jsse.jar;C:\Progra~1\Java\jdk1.8.0_111\jre\lib\jce.jar;C:\Progra~1\Java\jdk1.8.0_111\jre\lib\charsets.jar;C:\Progra~1\Java\jdk1.8.0_111\jre\lib\jfr.jar;C:\Progra~1\Java\jdk1.8.0_111\jre\classes"/>
    <property name="user.script" value=""/>
    <property name="sun.management.compiler" value="HotSpot 64-Bit Tiered Compilers"/>
    <property name="java.runtime.version" value="1.8.0_111-b14"/>
    <property name="user.name" value="motoshi"/>
    <property name="path.separator" value=";"/>
    <property name="os.version" value="6.1"/>
    <property name="java.endorsed.dirs" value="C:\Progra~1\Java\jdk1.8.0_111\jre\lib\endorsed"/>
    <property name="java.runtime.name" value="Java(TM) SE Runtime Environment"/>
    <property name="file.encoding" value="MS932"/>
    <property name="java.vm.name" value="Dynamic Code Evolution 64-Bit Server VM"/>
    <property name="localRepository" value="C:\Users\motoshi\.m2\repository"/>
    <property name="java.vendor.url.bug" value="http://bugreport.sun.com/bugreport/"/>
    <property name="java.io.tmpdir" value="C:\Users\motoshi\AppData\Local\Temp\"/>
    <property name="java.version" value="1.8.0_111"/>
    <property name="user.dir" value="C:\work\Project\JavaTeaSamples\examples\Properties"/>
    <property name="os.arch" value="amd64"/>
    <property name="java.vm.specification.name" value="Java Virtual Machine Specification"/>
    <property name="java.awt.printerjob" value="sun.awt.windows.WPrinterJob"/>
    <property name="sun.os.patch.level" value="Service Pack 1"/>
    <property name="java.library.path" value="C:\Progra~1\Java\jdk1.8.0_111\jre\bin;C:\windows\Sun\Java\bin;C:\windows\system32;C:\windows;/apache-maven-3.6.1/bin;/webdrivers;C:/Windows/System32;."/>
    <property name="java.vm.info" value="mixed mode"/>
    <property name="java.vendor" value="Oracle Corporation"/>
    <property name="java.vm.version" value="25.71-b01-dcevmlight-7"/>
    <property name="java.ext.dirs" value="C:\Progra~1\Java\jdk1.8.0_111\jre\lib\ext;C:\windows\Sun\Java\lib\ext"/>
    <property name="sun.io.unicode.encoding" value="UnicodeLittle"/>
    <property name="java.class.version" value="52.0"/>
  </properties>
  <testcase name="test1" classname="PropertiesTest" time="5.973"/>
</testsuite>